<?xml version="1.0" encoding="UTF-8"?>
<testng-results ignored="0" total="1" passed="1" failed="0" skipped="0">
  <reporter-output>
  </reporter-output>
  <suite started-at="2024-04-16T20:12:52 BST" name="Default suite" finished-at="2024-04-16T20:13:02 BST" duration-ms="9268">
    <groups>
    </groups>
    <test started-at="2024-04-16T20:12:52 BST" name="Default test" finished-at="2024-04-16T20:13:02 BST" duration-ms="9268">
      <class name="CrossbrowserExecution.ToLaunchApp_01">
        <test-method signature="launch_app(java.lang.String)[pri:0, instance:CrossbrowserExecution.ToLaunchApp_01@1530c739]" started-at="2024-04-16T20:12:52 BST" name="launch_app" finished-at="2024-04-16T20:13:02 BST" duration-ms="9103" status="PASS">
          <params>
            <param index="0">
              <value>
                <![CDATA[Chrome]]>
              </value>
            </param>
          </params>
          <reporter-output>
          </reporter-output>
        </test-method> <!-- launch_app -->
      </class> <!-- CrossbrowserExecution.ToLaunchApp_01 -->
    </test> <!-- Default test -->
  </suite> <!-- Default suite -->
</testng-results>
